Alberto Policriti (2)
Angelo Montanari (2)
Martin David Davis (3)
Johan F. A. K. van Benthem (3)
Alonzo Church (4)
Martin Hugo Löb (4)
Steven Karl Thomason (4)
Oswald Veblen (5)
Reuben Louis Goodstein (5)
Gerald Enoch Sacks (5)
E. H. (Eliakim Hastings) Moore (6)
Ludwig Wittgenstein (6)
John Barkley Rosser (6)
H. A. (Hubert Anson) Newton (7)
Bertrand Arthur William Russell (7)
Frank Plumpton Ramsey (7)
Michel Chasles (8)
Alfred North Whitehead (8)
Siméon Denis Poisson (9)
Edward John Routh (9)
Joseph Louis Lagrange (10)
Pierre-Simon Laplace (10)
William Hopkins (10)
Isaac Todhunter (10)
Leonhard Euler (11)
Giovanni Battista (Giambattista) Beccaria (11)
Jean Le Rond d'Alembert (11)
Adam Sedgwick (11)
Johann Bernoulli (12)
Thomas Jones (12)
John Dawson (12)
Jacob Bernoulli (13)
Nikolaus Eglinger (13)
John Cranke (13)
Thomas Postlethwaite (13)
Edward Waring (13)
Henry Bracken (13)
Emmanuel Stupanus (14)
Nicolas Malebranche (14)
Peter Werenfels (14)
Johann Caspar Bauhin (14)
Stephen Whisson (14)
Petrus Ryff (15)
Gottfried Wilhelm Leibniz (15)
Theodor Zwinger, Jr. (15)
Walter Taylor (15)
Felix Plater (16)
Erhard Weigel (16)
Christiaan Huygens (16)
Jakob Thomasius (16)
Bartholomäus Leonhard Schwendendörffer (16)
Sebastian Beck (16)
Robert Smith (16)
Guillaume Rondelet (17)
Philipp Müller (17)
Jan Jansz Stampioen, Jr. (17)
Frans van Schooten, Jr. (17)
Friedrich Leibniz (17)
Johann Jacob Grynaeus (17)
Roger Cotes (17)
Johannes Winter von Andernach (18)
Christoph Meurer (18)
Jacobus Golius (18)
Marin Mersenne (18)
Jacob Andreae (18)
Simon Sulzer (18)
Isaac Newton (18)
Jacobus (Jacques Dubois) Sylvius (19)
Rutger Rescius (19)
Moritz Valentin Steinmetz (19)
Willebrord (Snel van Royen) Snellius (19)
Thomas Erpenius (19)
Jakob Beuerlin (19)
Wolfgang Fabricius Capito (19)
Simon Grynaeus (19)
Benjamin Pulleyn (19)
Desiderius Erasmus (20)
Ulrich Zasius (20)
Johann (Johannes Kapnion) Reuchlin (20)
Jean Tagault (20)
François Dubois (20)
Girolamo (Hieronymus Aleander) Aleandro (20)
Georg Joachim von Leuchen Rheticus (20)
Johann Hoffmann (20)
Rudolph (Snel van Royen) Snellius (20)
Ludolph van Ceulen (20)
Joseph Justus Scaliger (20)
Balthasar Kaeuffelin (20)
Philipp Melanchthon (20)
Jan Standonck (21)
Alexander Hegius (21)
Johannes Argyropoulos (21)
Jacob ben Jehiel Loans (21)
Moses Perez (21)
Scipione Fortiguerra (21)
Nicolaus (Mikołaj Kopernik) Copernicus (21)
Johannes Volmar (21)
Immanuel Tremellius (21)
Valentine Naibod (21)
Adrien Turnèbe (21)
Johannes Stöffler (21)
Rudolf Agricola (22)
Thomas von Kempen à Kempis (22)
Basilios Bessarion (22)
Angelo Poliziano (22)
Domenico Maria Novara da Ferrara (22)
Leonhard (Leonard Vitreatoris z Dobczyc) von Dobschütz (22)
Bonifazius Erasmi (22)
Thomas Cranmer (22)
Erasmus Reinhold (22)
Jacques Toussain (22)
Theodoros Gazes (23)
Geert Gerardus Magnus Groote (23)
Florens Florentius Radwyn Radewyns (23)
Georgios Plethon Gemistos (23)
Marsilio Ficino (23)
Cristoforo Landino (23)
Johannes Müller Regiomontanus (23)
Luca Pacioli (23)
Jakob Milich (23)
Guillaume Budé (23)
Demetrios Kydones (24)
Vittorino da Feltre (24)
Elissaeus Judaeus (24)
Georg von Peuerbach (24)
Georgius Hermonymus (24)
Janus Lascaris (24)
Nilos Kabasilas (25)
Guarino da Verona (25)
Johannes von Gmunden (25)
Demetrios Chalcocondyles (25)
Gregory Palamas (26)
Manuel Chrysoloras (26)
Heinrich von Langenstein (26)
Theodore Metochites (27)
Nicole Oresme (27)
Manuel Bryennios (28)
Gregory Chioniadis (29)
Shams al‐Dīn al‐Bukhārī (30)
Nasir al-Dīn al-Ṭūsī (31)
Kamāl al-Dīn Ibn Yūnus (32)
Sharaf al-Dīn al-Ṭūsī (33)
